ERROR - 2024-08-06 07:50:03 --> mysqli_sql_exception: Unknown column 'created_at' in 'field list' in D:\CodeIgniter Projects\deliciousfoods\system\Database\MySQLi\Connection.php:312
Stack trace:
#0 D:\CodeIgniter Projects\deliciousfoods\system\Database\MySQLi\Connection.php(312): mysqli->query('INSERT INTO `or...', 0)
#1 D:\CodeIgniter Projects\deliciousfoods\system\Database\BaseConnection.php(734): CodeIgniter\Database\MySQLi\Connection->execute('INSERT INTO `or...')
#2 D:\CodeIgniter Projects\deliciousfoods\system\Database\BaseConnection.php(648): CodeIgniter\Database\BaseConnection->simpleQuery('INSERT INTO `or...')
#3 D:\CodeIgniter Projects\deliciousfoods\system\Database\BaseBuilder.php(2340): CodeIgniter\Database\BaseConnection->query('INSERT INTO `or...', Array, false)
#4 D:\CodeIgniter Projects\deliciousfoods\system\Model.php(394): CodeIgniter\Database\BaseBuilder->insert()
#5 D:\CodeIgniter Projects\deliciousfoods\system\BaseModel.php(840): CodeIgniter\Model->doInsert(Array)
#6 D:\CodeIgniter Projects\deliciousfoods\system\Model.php(802): CodeIgniter\BaseModel->insert(Array, false)
#7 D:\CodeIgniter Projects\deliciousfoods\system\BaseModel.php(751): CodeIgniter\Model->insert(Array, false)
#8 D:\CodeIgniter Projects\deliciousfoods\app\Controllers\OrderController.php(36): CodeIgniter\BaseModel->save(Array)
#9 D:\CodeIgniter Projects\deliciousfoods\system\CodeIgniter.php(933): App\Controllers\OrderController->processCheckout()
#10 D:\CodeIgniter Projects\deliciousfoods\system\CodeIgniter.php(509): CodeIgniter\CodeIgniter->runController(Object(App\Controllers\OrderController))
#11 D:\CodeIgniter Projects\deliciousfoods\system\CodeIgniter.php(355): CodeIgniter\CodeIgniter->handleRequest(NULL, Object(Config\Cache), false)
#12 D:\CodeIgniter Projects\deliciousfoods\system\Boot.php(325): CodeIgniter\CodeIgniter->run()
#13 D:\CodeIgniter Projects\deliciousfoods\system\Boot.php(67): CodeIgniter\Boot::runCodeIgniter(Object(CodeIgniter\CodeIgniter))
#14 D:\CodeIgniter Projects\deliciousfoods\public\index.php(56): CodeIgniter\Boot::bootWeb(Object(Config\Paths))
#15 D:\CodeIgniter Projects\deliciousfoods\system\rewrite.php(44): require_once('D:\\CodeIgniter ...')
#16 {main}
CRITICAL - 2024-08-06 07:50:03 --> CodeIgniter\Database\Exceptions\DatabaseException: Unknown column 'created_at' in 'field list'
[Method: POST, Route: order/process_checkout]
in SYSTEMPATH\Database\BaseConnection.php on line 688.
 1 SYSTEMPATH\Database\BaseBuilder.php(2340): CodeIgniter\Database\BaseConnection->query('INSERT INTO `orders` (`name`, `email`, `address`, `payment_method`, `cart`, `created_at`) VALUES (:name:, :email:, :address:, :payment_method:, :cart:, :created_at:)', [...], false)
 2 SYSTEMPATH\Model.php(394): CodeIgniter\Database\BaseBuilder->insert()
 3 SYSTEMPATH\BaseModel.php(840): CodeIgniter\Model->doInsert([...])
 4 SYSTEMPATH\Model.php(802): CodeIgniter\BaseModel->insert([...], false)
 5 SYSTEMPATH\BaseModel.php(751): CodeIgniter\Model->insert([...], false)
 6 APPPATH\Controllers\OrderController.php(36): CodeIgniter\BaseModel->save([...])
 7 SYSTEMPATH\CodeIgniter.php(933): App\Controllers\OrderController->processCheckout()
 8 SYSTEMPATH\CodeIgniter.php(509): CodeIgniter\CodeIgniter->runController(Object(App\Controllers\OrderController))
 9 SYSTEMPATH\CodeIgniter.php(355): CodeIgniter\CodeIgniter->handleRequest(null, Object(Config\Cache), false)
10 SYSTEMPATH\Boot.php(325): CodeIgniter\CodeIgniter->run()
11 SYSTEMPATH\Boot.php(67): CodeIgniter\Boot::runCodeIgniter(Object(CodeIgniter\CodeIgniter))
12 FCPATH\index.php(56): CodeIgniter\Boot::bootWeb(Object(Config\Paths))
13 SYSTEMPATH\rewrite.php(44): require_once('D:\\CodeIgniter Projects\\deliciousfoods\\public\\index.php')
CRITICAL - 2024-08-06 07:50:03 --> [Caused by] CodeIgniter\Database\Exceptions\DatabaseException: Unknown column 'created_at' in 'field list'
in SYSTEMPATH\Database\MySQLi\Connection.php on line 317.
 1 SYSTEMPATH\Database\BaseConnection.php(734): CodeIgniter\Database\MySQLi\Connection->execute('INSERT INTO `orders` (`name`, `email`, `address`, `payment_method`, `cart`, `created_at`) VALUES (\'qwerty\', \'qwerty@mail.com\', \'sdf\', \'credit_card\', 1, \'2024-08-06 07:50:03\')')
 2 SYSTEMPATH\Database\BaseConnection.php(648): CodeIgniter\Database\BaseConnection->simpleQuery('INSERT INTO `orders` (`name`, `email`, `address`, `payment_method`, `cart`, `created_at`) VALUES (\'qwerty\', \'qwerty@mail.com\', \'sdf\', \'credit_card\', 1, \'2024-08-06 07:50:03\')')
 3 SYSTEMPATH\Database\BaseBuilder.php(2340): CodeIgniter\Database\BaseConnection->query('INSERT INTO `orders` (`name`, `email`, `address`, `payment_method`, `cart`, `created_at`) VALUES (:name:, :email:, :address:, :payment_method:, :cart:, :created_at:)', [...], false)
 4 SYSTEMPATH\Model.php(394): CodeIgniter\Database\BaseBuilder->insert()
 5 SYSTEMPATH\BaseModel.php(840): CodeIgniter\Model->doInsert([...])
 6 SYSTEMPATH\Model.php(802): CodeIgniter\BaseModel->insert([...], false)
 7 SYSTEMPATH\BaseModel.php(751): CodeIgniter\Model->insert([...], false)
 8 APPPATH\Controllers\OrderController.php(36): CodeIgniter\BaseModel->save([...])
 9 SYSTEMPATH\CodeIgniter.php(933): App\Controllers\OrderController->processCheckout()
10 SYSTEMPATH\CodeIgniter.php(509): CodeIgniter\CodeIgniter->runController(Object(App\Controllers\OrderController))
11 SYSTEMPATH\CodeIgniter.php(355): CodeIgniter\CodeIgniter->handleRequest(null, Object(Config\Cache), false)
12 SYSTEMPATH\Boot.php(325): CodeIgniter\CodeIgniter->run()
13 SYSTEMPATH\Boot.php(67): CodeIgniter\Boot::runCodeIgniter(Object(CodeIgniter\CodeIgniter))
14 FCPATH\index.php(56): CodeIgniter\Boot::bootWeb(Object(Config\Paths))
15 SYSTEMPATH\rewrite.php(44): require_once('D:\\CodeIgniter Projects\\deliciousfoods\\public\\index.php')
CRITICAL - 2024-08-06 07:50:03 --> [Caused by] mysqli_sql_exception: Unknown column 'created_at' in 'field list'
in SYSTEMPATH\Database\MySQLi\Connection.php on line 312.
 1 SYSTEMPATH\Database\MySQLi\Connection.php(312): mysqli->query('INSERT INTO `orders` (`name`, `email`, `address`, `payment_method`, `cart`, `created_at`) VALUES (\'qwerty\', \'qwerty@mail.com\', \'sdf\', \'credit_card\', 1, \'2024-08-06 07:50:03\')', 0)
 2 SYSTEMPATH\Database\BaseConnection.php(734): CodeIgniter\Database\MySQLi\Connection->execute('INSERT INTO `orders` (`name`, `email`, `address`, `payment_method`, `cart`, `created_at`) VALUES (\'qwerty\', \'qwerty@mail.com\', \'sdf\', \'credit_card\', 1, \'2024-08-06 07:50:03\')')
 3 SYSTEMPATH\Database\BaseConnection.php(648): CodeIgniter\Database\BaseConnection->simpleQuery('INSERT INTO `orders` (`name`, `email`, `address`, `payment_method`, `cart`, `created_at`) VALUES (\'qwerty\', \'qwerty@mail.com\', \'sdf\', \'credit_card\', 1, \'2024-08-06 07:50:03\')')
 4 SYSTEMPATH\Database\BaseBuilder.php(2340): CodeIgniter\Database\BaseConnection->query('INSERT INTO `orders` (`name`, `email`, `address`, `payment_method`, `cart`, `created_at`) VALUES (:name:, :email:, :address:, :payment_method:, :cart:, :created_at:)', [...], false)
 5 SYSTEMPATH\Model.php(394): CodeIgniter\Database\BaseBuilder->insert()
 6 SYSTEMPATH\BaseModel.php(840): CodeIgniter\Model->doInsert([...])
 7 SYSTEMPATH\Model.php(802): CodeIgniter\BaseModel->insert([...], false)
 8 SYSTEMPATH\BaseModel.php(751): CodeIgniter\Model->insert([...], false)
 9 APPPATH\Controllers\OrderController.php(36): CodeIgniter\BaseModel->save([...])
10 SYSTEMPATH\CodeIgniter.php(933): App\Controllers\OrderController->processCheckout()
11 SYSTEMPATH\CodeIgniter.php(509): CodeIgniter\CodeIgniter->runController(Object(App\Controllers\OrderController))
12 SYSTEMPATH\CodeIgniter.php(355): CodeIgniter\CodeIgniter->handleRequest(null, Object(Config\Cache), false)
13 SYSTEMPATH\Boot.php(325): CodeIgniter\CodeIgniter->run()
14 SYSTEMPATH\Boot.php(67): CodeIgniter\Boot::runCodeIgniter(Object(CodeIgniter\CodeIgniter))
15 FCPATH\index.php(56): CodeIgniter\Boot::bootWeb(Object(Config\Paths))
16 SYSTEMPATH\rewrite.php(44): require_once('D:\\CodeIgniter Projects\\deliciousfoods\\public\\index.php')
ERROR - 2024-08-06 07:50:50 --> mysqli_sql_exception: Unknown column 'created_at' in 'field list' in D:\CodeIgniter Projects\deliciousfoods\system\Database\MySQLi\Connection.php:312
Stack trace:
#0 D:\CodeIgniter Projects\deliciousfoods\system\Database\MySQLi\Connection.php(312): mysqli->query('INSERT INTO `or...', 0)
#1 D:\CodeIgniter Projects\deliciousfoods\system\Database\BaseConnection.php(734): CodeIgniter\Database\MySQLi\Connection->execute('INSERT INTO `or...')
#2 D:\CodeIgniter Projects\deliciousfoods\system\Database\BaseConnection.php(648): CodeIgniter\Database\BaseConnection->simpleQuery('INSERT INTO `or...')
#3 D:\CodeIgniter Projects\deliciousfoods\system\Database\BaseBuilder.php(2340): CodeIgniter\Database\BaseConnection->query('INSERT INTO `or...', Array, false)
#4 D:\CodeIgniter Projects\deliciousfoods\system\Model.php(394): CodeIgniter\Database\BaseBuilder->insert()
#5 D:\CodeIgniter Projects\deliciousfoods\system\BaseModel.php(840): CodeIgniter\Model->doInsert(Array)
#6 D:\CodeIgniter Projects\deliciousfoods\system\Model.php(802): CodeIgniter\BaseModel->insert(Array, false)
#7 D:\CodeIgniter Projects\deliciousfoods\system\BaseModel.php(751): CodeIgniter\Model->insert(Array, false)
#8 D:\CodeIgniter Projects\deliciousfoods\app\Controllers\OrderController.php(36): CodeIgniter\BaseModel->save(Array)
#9 D:\CodeIgniter Projects\deliciousfoods\system\CodeIgniter.php(933): App\Controllers\OrderController->processCheckout()
#10 D:\CodeIgniter Projects\deliciousfoods\system\CodeIgniter.php(509): CodeIgniter\CodeIgniter->runController(Object(App\Controllers\OrderController))
#11 D:\CodeIgniter Projects\deliciousfoods\system\CodeIgniter.php(355): CodeIgniter\CodeIgniter->handleRequest(NULL, Object(Config\Cache), false)
#12 D:\CodeIgniter Projects\deliciousfoods\system\Boot.php(325): CodeIgniter\CodeIgniter->run()
#13 D:\CodeIgniter Projects\deliciousfoods\system\Boot.php(67): CodeIgniter\Boot::runCodeIgniter(Object(CodeIgniter\CodeIgniter))
#14 D:\CodeIgniter Projects\deliciousfoods\public\index.php(56): CodeIgniter\Boot::bootWeb(Object(Config\Paths))
#15 D:\CodeIgniter Projects\deliciousfoods\system\rewrite.php(44): require_once('D:\\CodeIgniter ...')
#16 {main}
CRITICAL - 2024-08-06 07:50:50 --> CodeIgniter\Database\Exceptions\DatabaseException: Unknown column 'created_at' in 'field list'
[Method: POST, Route: order/process_checkout]
in SYSTEMPATH\Database\BaseConnection.php on line 688.
 1 SYSTEMPATH\Database\BaseBuilder.php(2340): CodeIgniter\Database\BaseConnection->query('INSERT INTO `orders` (`name`, `email`, `address`, `payment_method`, `cart`, `created_at`) VALUES (:name:, :email:, :address:, :payment_method:, :cart:, :created_at:)', [...], false)
 2 SYSTEMPATH\Model.php(394): CodeIgniter\Database\BaseBuilder->insert()
 3 SYSTEMPATH\BaseModel.php(840): CodeIgniter\Model->doInsert([...])
 4 SYSTEMPATH\Model.php(802): CodeIgniter\BaseModel->insert([...], false)
 5 SYSTEMPATH\BaseModel.php(751): CodeIgniter\Model->insert([...], false)
 6 APPPATH\Controllers\OrderController.php(36): CodeIgniter\BaseModel->save([...])
 7 SYSTEMPATH\CodeIgniter.php(933): App\Controllers\OrderController->processCheckout()
 8 SYSTEMPATH\CodeIgniter.php(509): CodeIgniter\CodeIgniter->runController(Object(App\Controllers\OrderController))
 9 SYSTEMPATH\CodeIgniter.php(355): CodeIgniter\CodeIgniter->handleRequest(null, Object(Config\Cache), false)
10 SYSTEMPATH\Boot.php(325): CodeIgniter\CodeIgniter->run()
11 SYSTEMPATH\Boot.php(67): CodeIgniter\Boot::runCodeIgniter(Object(CodeIgniter\CodeIgniter))
12 FCPATH\index.php(56): CodeIgniter\Boot::bootWeb(Object(Config\Paths))
13 SYSTEMPATH\rewrite.php(44): require_once('D:\\CodeIgniter Projects\\deliciousfoods\\public\\index.php')
CRITICAL - 2024-08-06 07:50:50 --> [Caused by] CodeIgniter\Database\Exceptions\DatabaseException: Unknown column 'created_at' in 'field list'
in SYSTEMPATH\Database\MySQLi\Connection.php on line 317.
 1 SYSTEMPATH\Database\BaseConnection.php(734): CodeIgniter\Database\MySQLi\Connection->execute('INSERT INTO `orders` (`name`, `email`, `address`, `payment_method`, `cart`, `created_at`) VALUES (\'qwerty\', \'qwerty@mail.com\', \'sdf\', \'credit_card\', 1, \'2024-08-06 07:50:50\')')
 2 SYSTEMPATH\Database\BaseConnection.php(648): CodeIgniter\Database\BaseConnection->simpleQuery('INSERT INTO `orders` (`name`, `email`, `address`, `payment_method`, `cart`, `created_at`) VALUES (\'qwerty\', \'qwerty@mail.com\', \'sdf\', \'credit_card\', 1, \'2024-08-06 07:50:50\')')
 3 SYSTEMPATH\Database\BaseBuilder.php(2340): CodeIgniter\Database\BaseConnection->query('INSERT INTO `orders` (`name`, `email`, `address`, `payment_method`, `cart`, `created_at`) VALUES (:name:, :email:, :address:, :payment_method:, :cart:, :created_at:)', [...], false)
 4 SYSTEMPATH\Model.php(394): CodeIgniter\Database\BaseBuilder->insert()
 5 SYSTEMPATH\BaseModel.php(840): CodeIgniter\Model->doInsert([...])
 6 SYSTEMPATH\Model.php(802): CodeIgniter\BaseModel->insert([...], false)
 7 SYSTEMPATH\BaseModel.php(751): CodeIgniter\Model->insert([...], false)
 8 APPPATH\Controllers\OrderController.php(36): CodeIgniter\BaseModel->save([...])
 9 SYSTEMPATH\CodeIgniter.php(933): App\Controllers\OrderController->processCheckout()
10 SYSTEMPATH\CodeIgniter.php(509): CodeIgniter\CodeIgniter->runController(Object(App\Controllers\OrderController))
11 SYSTEMPATH\CodeIgniter.php(355): CodeIgniter\CodeIgniter->handleRequest(null, Object(Config\Cache), false)
12 SYSTEMPATH\Boot.php(325): CodeIgniter\CodeIgniter->run()
13 SYSTEMPATH\Boot.php(67): CodeIgniter\Boot::runCodeIgniter(Object(CodeIgniter\CodeIgniter))
14 FCPATH\index.php(56): CodeIgniter\Boot::bootWeb(Object(Config\Paths))
15 SYSTEMPATH\rewrite.php(44): require_once('D:\\CodeIgniter Projects\\deliciousfoods\\public\\index.php')
CRITICAL - 2024-08-06 07:50:50 --> [Caused by] mysqli_sql_exception: Unknown column 'created_at' in 'field list'
in SYSTEMPATH\Database\MySQLi\Connection.php on line 312.
 1 SYSTEMPATH\Database\MySQLi\Connection.php(312): mysqli->query('INSERT INTO `orders` (`name`, `email`, `address`, `payment_method`, `cart`, `created_at`) VALUES (\'qwerty\', \'qwerty@mail.com\', \'sdf\', \'credit_card\', 1, \'2024-08-06 07:50:50\')', 0)
 2 SYSTEMPATH\Database\BaseConnection.php(734): CodeIgniter\Database\MySQLi\Connection->execute('INSERT INTO `orders` (`name`, `email`, `address`, `payment_method`, `cart`, `created_at`) VALUES (\'qwerty\', \'qwerty@mail.com\', \'sdf\', \'credit_card\', 1, \'2024-08-06 07:50:50\')')
 3 SYSTEMPATH\Database\BaseConnection.php(648): CodeIgniter\Database\BaseConnection->simpleQuery('INSERT INTO `orders` (`name`, `email`, `address`, `payment_method`, `cart`, `created_at`) VALUES (\'qwerty\', \'qwerty@mail.com\', \'sdf\', \'credit_card\', 1, \'2024-08-06 07:50:50\')')
 4 SYSTEMPATH\Database\BaseBuilder.php(2340): CodeIgniter\Database\BaseConnection->query('INSERT INTO `orders` (`name`, `email`, `address`, `payment_method`, `cart`, `created_at`) VALUES (:name:, :email:, :address:, :payment_method:, :cart:, :created_at:)', [...], false)
 5 SYSTEMPATH\Model.php(394): CodeIgniter\Database\BaseBuilder->insert()
 6 SYSTEMPATH\BaseModel.php(840): CodeIgniter\Model->doInsert([...])
 7 SYSTEMPATH\Model.php(802): CodeIgniter\BaseModel->insert([...], false)
 8 SYSTEMPATH\BaseModel.php(751): CodeIgniter\Model->insert([...], false)
 9 APPPATH\Controllers\OrderController.php(36): CodeIgniter\BaseModel->save([...])
10 SYSTEMPATH\CodeIgniter.php(933): App\Controllers\OrderController->processCheckout()
11 SYSTEMPATH\CodeIgniter.php(509): CodeIgniter\CodeIgniter->runController(Object(App\Controllers\OrderController))
12 SYSTEMPATH\CodeIgniter.php(355): CodeIgniter\CodeIgniter->handleRequest(null, Object(Config\Cache), false)
13 SYSTEMPATH\Boot.php(325): CodeIgniter\CodeIgniter->run()
14 SYSTEMPATH\Boot.php(67): CodeIgniter\Boot::runCodeIgniter(Object(CodeIgniter\CodeIgniter))
15 FCPATH\index.php(56): CodeIgniter\Boot::bootWeb(Object(Config\Paths))
16 SYSTEMPATH\rewrite.php(44): require_once('D:\\CodeIgniter Projects\\deliciousfoods\\public\\index.php')
CRITICAL - 2024-08-06 10:39:01 --> ErrorException: Undefined variable $transaction_id
[Method: POST, Route: order/process_checkout]
in APPPATH\Views\checkout_success.php on line 49.
 1 APPPATH\Views\checkout_success.php(49): CodeIgniter\Debug\Exceptions->errorHandler(2, 'Undefined variable $transaction_id', 'D:\\CodeIgniter Projects\\deliciousfoods\\app\\Views\\checkout_success.php', 49)
 2 SYSTEMPATH\View\View.php(234): include('D:\\CodeIgniter Projects\\deliciousfoods\\app\\Views\\checkout_success.php')
 3 SYSTEMPATH\View\View.php(237): CodeIgniter\View\View->CodeIgniter\View\{closure}()
 4 SYSTEMPATH\Common.php(1169): CodeIgniter\View\View->render('checkout_success', [], true)
 5 APPPATH\Controllers\OrderController.php(38): view('checkout_success')
 6 SYSTEMPATH\CodeIgniter.php(933): App\Controllers\OrderController->processCheckout()
 7 SYSTEMPATH\CodeIgniter.php(509): CodeIgniter\CodeIgniter->runController(Object(App\Controllers\OrderController))
 8 SYSTEMPATH\CodeIgniter.php(355): CodeIgniter\CodeIgniter->handleRequest(null, Object(Config\Cache), false)
 9 SYSTEMPATH\Boot.php(325): CodeIgniter\CodeIgniter->run()
10 SYSTEMPATH\Boot.php(67): CodeIgniter\Boot::runCodeIgniter(Object(CodeIgniter\CodeIgniter))
11 FCPATH\index.php(56): CodeIgniter\Boot::bootWeb(Object(Config\Paths))
12 SYSTEMPATH\rewrite.php(44): require_once('D:\\CodeIgniter Projects\\deliciousfoods\\public\\index.php')
CRITICAL - 2024-08-06 10:39:05 --> ErrorException: Undefined variable $transaction_id
[Method: POST, Route: order/process_checkout]
in APPPATH\Views\checkout_success.php on line 49.
 1 APPPATH\Views\checkout_success.php(49): CodeIgniter\Debug\Exceptions->errorHandler(2, 'Undefined variable $transaction_id', 'D:\\CodeIgniter Projects\\deliciousfoods\\app\\Views\\checkout_success.php', 49)
 2 SYSTEMPATH\View\View.php(234): include('D:\\CodeIgniter Projects\\deliciousfoods\\app\\Views\\checkout_success.php')
 3 SYSTEMPATH\View\View.php(237): CodeIgniter\View\View->CodeIgniter\View\{closure}()
 4 SYSTEMPATH\Common.php(1169): CodeIgniter\View\View->render('checkout_success', [], true)
 5 APPPATH\Controllers\OrderController.php(38): view('checkout_success')
 6 SYSTEMPATH\CodeIgniter.php(933): App\Controllers\OrderController->processCheckout()
 7 SYSTEMPATH\CodeIgniter.php(509): CodeIgniter\CodeIgniter->runController(Object(App\Controllers\OrderController))
 8 SYSTEMPATH\CodeIgniter.php(355): CodeIgniter\CodeIgniter->handleRequest(null, Object(Config\Cache), false)
 9 SYSTEMPATH\Boot.php(325): CodeIgniter\CodeIgniter->run()
10 SYSTEMPATH\Boot.php(67): CodeIgniter\Boot::runCodeIgniter(Object(CodeIgniter\CodeIgniter))
11 FCPATH\index.php(56): CodeIgniter\Boot::bootWeb(Object(Config\Paths))
12 SYSTEMPATH\rewrite.php(44): require_once('D:\\CodeIgniter Projects\\deliciousfoods\\public\\index.php')
ERROR - 2024-08-06 11:09:40 --> mysqli_sql_exception: Table 'transactionmodel.phps' doesn't exist in D:\CodeIgniter Projects\deliciousfoods\system\Database\MySQLi\Connection.php:312
Stack trace:
#0 D:\CodeIgniter Projects\deliciousfoods\system\Database\MySQLi\Connection.php(312): mysqli->query('INSERT INTO `tr...', 0)
#1 D:\CodeIgniter Projects\deliciousfoods\system\Database\BaseConnection.php(734): CodeIgniter\Database\MySQLi\Connection->execute('INSERT INTO `tr...')
#2 D:\CodeIgniter Projects\deliciousfoods\system\Database\BaseConnection.php(648): CodeIgniter\Database\BaseConnection->simpleQuery('INSERT INTO `tr...')
#3 D:\CodeIgniter Projects\deliciousfoods\system\Database\BaseBuilder.php(2340): CodeIgniter\Database\BaseConnection->query('INSERT INTO `tr...', Array, false)
#4 D:\CodeIgniter Projects\deliciousfoods\system\Model.php(394): CodeIgniter\Database\BaseBuilder->insert()
#5 D:\CodeIgniter Projects\deliciousfoods\system\BaseModel.php(840): CodeIgniter\Model->doInsert(Array)
#6 D:\CodeIgniter Projects\deliciousfoods\system\Model.php(802): CodeIgniter\BaseModel->insert(Array, false)
#7 D:\CodeIgniter Projects\deliciousfoods\system\BaseModel.php(751): CodeIgniter\Model->insert(Array, false)
#8 D:\CodeIgniter Projects\deliciousfoods\app\Controllers\OrderController.php(35): CodeIgniter\BaseModel->save(Array)
#9 D:\CodeIgniter Projects\deliciousfoods\system\CodeIgniter.php(933): App\Controllers\OrderController->processCheckout()
#10 D:\CodeIgniter Projects\deliciousfoods\system\CodeIgniter.php(509): CodeIgniter\CodeIgniter->runController(Object(App\Controllers\OrderController))
#11 D:\CodeIgniter Projects\deliciousfoods\system\CodeIgniter.php(355): CodeIgniter\CodeIgniter->handleRequest(NULL, Object(Config\Cache), false)
#12 D:\CodeIgniter Projects\deliciousfoods\system\Boot.php(325): CodeIgniter\CodeIgniter->run()
#13 D:\CodeIgniter Projects\deliciousfoods\system\Boot.php(67): CodeIgniter\Boot::runCodeIgniter(Object(CodeIgniter\CodeIgniter))
#14 D:\CodeIgniter Projects\deliciousfoods\public\index.php(56): CodeIgniter\Boot::bootWeb(Object(Config\Paths))
#15 D:\CodeIgniter Projects\deliciousfoods\system\rewrite.php(44): require_once('D:\\CodeIgniter ...')
#16 {main}
CRITICAL - 2024-08-06 11:09:40 --> CodeIgniter\Database\Exceptions\DatabaseException: Table 'transactionmodel.phps' doesn't exist
[Method: POST, Route: order/process_checkout]
in SYSTEMPATH\Database\BaseConnection.php on line 688.
 1 SYSTEMPATH\Database\BaseBuilder.php(2340): CodeIgniter\Database\BaseConnection->query('INSERT INTO `transactionmodel`.`phps` (`name`, `status`) VALUES (:name:, :status:)', [...], false)
 2 SYSTEMPATH\Model.php(394): CodeIgniter\Database\BaseBuilder->insert()
 3 SYSTEMPATH\BaseModel.php(840): CodeIgniter\Model->doInsert([...])
 4 SYSTEMPATH\Model.php(802): CodeIgniter\BaseModel->insert([...], false)
 5 SYSTEMPATH\BaseModel.php(751): CodeIgniter\Model->insert([...], false)
 6 APPPATH\Controllers\OrderController.php(35): CodeIgniter\BaseModel->save([...])
 7 SYSTEMPATH\CodeIgniter.php(933): App\Controllers\OrderController->processCheckout()
 8 SYSTEMPATH\CodeIgniter.php(509): CodeIgniter\CodeIgniter->runController(Object(App\Controllers\OrderController))
 9 SYSTEMPATH\CodeIgniter.php(355): CodeIgniter\CodeIgniter->handleRequest(null, Object(Config\Cache), false)
10 SYSTEMPATH\Boot.php(325): CodeIgniter\CodeIgniter->run()
11 SYSTEMPATH\Boot.php(67): CodeIgniter\Boot::runCodeIgniter(Object(CodeIgniter\CodeIgniter))
12 FCPATH\index.php(56): CodeIgniter\Boot::bootWeb(Object(Config\Paths))
13 SYSTEMPATH\rewrite.php(44): require_once('D:\\CodeIgniter Projects\\deliciousfoods\\public\\index.php')
CRITICAL - 2024-08-06 11:09:40 --> [Caused by] CodeIgniter\Database\Exceptions\DatabaseException: Table 'transactionmodel.phps' doesn't exist
in SYSTEMPATH\Database\MySQLi\Connection.php on line 317.
 1 SYSTEMPATH\Database\BaseConnection.php(734): CodeIgniter\Database\MySQLi\Connection->execute('INSERT INTO `transactionmodel`.`phps` (`name`, `status`) VALUES (\'qwerty\', \'complete\')')
 2 SYSTEMPATH\Database\BaseConnection.php(648): CodeIgniter\Database\BaseConnection->simpleQuery('INSERT INTO `transactionmodel`.`phps` (`name`, `status`) VALUES (\'qwerty\', \'complete\')')
 3 SYSTEMPATH\Database\BaseBuilder.php(2340): CodeIgniter\Database\BaseConnection->query('INSERT INTO `transactionmodel`.`phps` (`name`, `status`) VALUES (:name:, :status:)', [...], false)
 4 SYSTEMPATH\Model.php(394): CodeIgniter\Database\BaseBuilder->insert()
 5 SYSTEMPATH\BaseModel.php(840): CodeIgniter\Model->doInsert([...])
 6 SYSTEMPATH\Model.php(802): CodeIgniter\BaseModel->insert([...], false)
 7 SYSTEMPATH\BaseModel.php(751): CodeIgniter\Model->insert([...], false)
 8 APPPATH\Controllers\OrderController.php(35): CodeIgniter\BaseModel->save([...])
 9 SYSTEMPATH\CodeIgniter.php(933): App\Controllers\OrderController->processCheckout()
10 SYSTEMPATH\CodeIgniter.php(509): CodeIgniter\CodeIgniter->runController(Object(App\Controllers\OrderController))
11 SYSTEMPATH\CodeIgniter.php(355): CodeIgniter\CodeIgniter->handleRequest(null, Object(Config\Cache), false)
12 SYSTEMPATH\Boot.php(325): CodeIgniter\CodeIgniter->run()
13 SYSTEMPATH\Boot.php(67): CodeIgniter\Boot::runCodeIgniter(Object(CodeIgniter\CodeIgniter))
14 FCPATH\index.php(56): CodeIgniter\Boot::bootWeb(Object(Config\Paths))
15 SYSTEMPATH\rewrite.php(44): require_once('D:\\CodeIgniter Projects\\deliciousfoods\\public\\index.php')
CRITICAL - 2024-08-06 11:09:40 --> [Caused by] mysqli_sql_exception: Table 'transactionmodel.phps' doesn't exist
in SYSTEMPATH\Database\MySQLi\Connection.php on line 312.
 1 SYSTEMPATH\Database\MySQLi\Connection.php(312): mysqli->query('INSERT INTO `transactionmodel`.`phps` (`name`, `status`) VALUES (\'qwerty\', \'complete\')', 0)
 2 SYSTEMPATH\Database\BaseConnection.php(734): CodeIgniter\Database\MySQLi\Connection->execute('INSERT INTO `transactionmodel`.`phps` (`name`, `status`) VALUES (\'qwerty\', \'complete\')')
 3 SYSTEMPATH\Database\BaseConnection.php(648): CodeIgniter\Database\BaseConnection->simpleQuery('INSERT INTO `transactionmodel`.`phps` (`name`, `status`) VALUES (\'qwerty\', \'complete\')')
 4 SYSTEMPATH\Database\BaseBuilder.php(2340): CodeIgniter\Database\BaseConnection->query('INSERT INTO `transactionmodel`.`phps` (`name`, `status`) VALUES (:name:, :status:)', [...], false)
 5 SYSTEMPATH\Model.php(394): CodeIgniter\Database\BaseBuilder->insert()
 6 SYSTEMPATH\BaseModel.php(840): CodeIgniter\Model->doInsert([...])
 7 SYSTEMPATH\Model.php(802): CodeIgniter\BaseModel->insert([...], false)
 8 SYSTEMPATH\BaseModel.php(751): CodeIgniter\Model->insert([...], false)
 9 APPPATH\Controllers\OrderController.php(35): CodeIgniter\BaseModel->save([...])
10 SYSTEMPATH\CodeIgniter.php(933): App\Controllers\OrderController->processCheckout()
11 SYSTEMPATH\CodeIgniter.php(509): CodeIgniter\CodeIgniter->runController(Object(App\Controllers\OrderController))
12 SYSTEMPATH\CodeIgniter.php(355): CodeIgniter\CodeIgniter->handleRequest(null, Object(Config\Cache), false)
13 SYSTEMPATH\Boot.php(325): CodeIgniter\CodeIgniter->run()
14 SYSTEMPATH\Boot.php(67): CodeIgniter\Boot::runCodeIgniter(Object(CodeIgniter\CodeIgniter))
15 FCPATH\index.php(56): CodeIgniter\Boot::bootWeb(Object(Config\Paths))
16 SYSTEMPATH\rewrite.php(44): require_once('D:\\CodeIgniter Projects\\deliciousfoods\\public\\index.php')
